<?xml version="1.0" encoding="UTF-8"?>
<!-- Generated by org.testng.reporters.JUnitXMLReporter -->
<testsuite ignored="2" hostname="DESKTOP-76O6G7C" failures="0" tests="3" name="test1" time="0.151" errors="0" timestamp="2022-08-06T22:26:43 IST">
  <testcase classname="teatng.Sample3" name="test1" time="0.027"/>
  <testcase classname="teatng.Sample3" name="test2" time="0.003"/>
  <testcase classname="teatng.Sample3" name="test4" time="0.004"/>
  <testcase classname="teatng.Sample3" name="test3" time="0.0">
    <ignored/>
  </testcase> <!-- test3 -->
  <testcase classname="teatng.Sample3" name="test5" time="0.0">
    <ignored/>
  </testcase> <!-- test5 -->
</testsuite> <!-- test1 -->
