<?xml version="1.0" encoding="UTF-8"?>
<!-- Generated by org.testng.reporters.JUnitXMLReporter -->
<testsuite ignored="0" hostname="DESKTOP-76O6G7C" failures="0" tests="5" name="N_test" time="0.199" errors="0" timestamp="2022-08-06T21:43:14 IST">
  <testcase classname="teatng.Sample3" name="test1" time="0.039"/>
  <testcase classname="teatng.Sample3" name="test2" time="0.002"/>
  <testcase classname="teatng.Sample3" name="test3" time="0.002"/>
  <testcase classname="teatng.Sample3" name="test4" time="0.002"/>
  <testcase classname="teatng.Sample3" name="test5" time="0.004"/>
</testsuite> <!-- N_test -->
