<?xml version="1.0" encoding="UTF-8"?>
<!-- Generated by org.testng.reporters.JUnitXMLReporter -->
<testsuite ignored="3" hostname="DESKTOP-76O6G7C" failures="0" tests="2" name="test1" time="0.137" errors="0" timestamp="2022-08-07T00:47:13 IST">
  <testcase classname="teatng.Sample3" name="test2" time="0.032"/>
  <testcase classname="teatng.Sample3" name="test3" time="0.004"/>
  <testcase classname="teatng.Sample3" name="test4" time="0.0">
    <ignored/>
  </testcase> <!-- test4 -->
  <testcase classname="teatng.Sample3" name="test5" time="0.0">
    <ignored/>
  </testcase> <!-- test5 -->
  <testcase classname="teatng.Sample3" name="test1" time="0.0">
    <ignored/>
  </testcase> <!-- test1 -->
</testsuite> <!-- test1 -->
