<?xml version="1.0" encoding="UTF-8"?>
<!-- Generated by org.testng.reporters.JUnitXMLReporter -->
<testsuite ignored="2" hostname="DESKTOP-76O6G7C" failures="0" tests="5" name="Grtest" time="0.132" errors="0" timestamp="2022-08-08T01:01:55 IST">
  <testcase classname="teatng.Sample4" name="test1" time="0.023"/>
  <testcase classname="teatng.Sample4" name="test2" time="0.004"/>
  <testcase classname="teatng.Sample4" name="test3" time="0.003"/>
  <testcase classname="teatng.Sample4" name="test4" time="0.005"/>
  <testcase classname="teatng.Sample4" name="test7" time="0.002"/>
  <testcase classname="teatng.Sample4" name="test6" time="0.0">
    <ignored/>
  </testcase> <!-- test6 -->
  <testcase classname="teatng.Sample4" name="test5" time="0.0">
    <ignored/>
  </testcase> <!-- test5 -->
</testsuite> <!-- Grtest -->
